
ROM used:   30/16384 (0%)
            30/16384 (0%) including unused fragments

            0.0 Average locations per line
            7.5 Average locations per statement

RAM used:   4/1536 (0%) at main() level
            4/1536 (0%) worst case

Stack used: 0 worst case (0 in main + 0 for interrupts)
Stack size: 31

Lines Stmts  %   Files
----- ----- ---  -----
   16     4 100  main.c
  766     0   0  ..\..\..\..\Program Files (x86)\PICC\Devices\18F458.h
----- -----
  782     4 Total

Page ROM  %  RAM   Vol Diff  Functions:
---- --- --- ---   --- ----  ----------
0     26  43    0    50  1.8  main
 Inline         0             @cinit1

Program metrics:
    Functions               1
    Statements              4
    Comments                127
    Volume (V)              52
    Difficulty (D)          1.6
    Effort to implement (E) 81
    Time to implement (T)   0 minutes
    Est Delivered Bugs (B)  0
    Cyclomatic Complexity   1
    Maintainability (MI)    79

 Segment     Used  Free
-----------  ----  ----
00000-00002     4  0  
00004-07FFE    26  32738  



